1720174296.577974 client started (336): version 3.4, socket /private/tmp/tmux-501/default, protocol 8
1720174296.578049 on Darwin 23.5.0 Darwin Kernel Version 23.5.0: Wed May  1 20:12:58 PDT 2024; root:xnu-10063.121.3~5/RELEASE_ARM64_T6000
1720174296.578068 using libevent 2.1.12-stable select
1720174296.578424 using utf8proc 2.9.0
1720174296.578451 using ncurses 6.5 20240427
1720174296.578481 flags are 0x18010000
1720174296.578490 socket is /private/tmp/tmux-501/default
1720174296.578502 trying connect
1720174296.578546 add peer 0x140008000: 6 (0x0)
1720174296.580747 sending message 100 to peer 0x140008000 (4 bytes)
1720174296.580757 sending message 111 to peer 0x140008000 (8 bytes)
1720174296.580762 sending message 101 to peer 0x140008000 (15 bytes)
1720174296.580767 sending message 109 to peer 0x140008000 (4 bytes)
1720174296.580772 sending message 102 to peer 0x140008000 (13 bytes)
1720174296.580776 sending message 108 to peer 0x140008000 (23 bytes)
1720174296.580781 sending message 112 to peer 0x140008000 (58 bytes)
1720174296.580785 sending message 112 to peer 0x140008000 (5 bytes)
1720174296.580789 sending message 112 to peer 0x140008000 (5 bytes)
1720174296.580793 sending message 112 to peer 0x140008000 (6 bytes)
1720174296.580797 sending message 112 to peer 0x140008000 (6 bytes)
1720174296.580801 sending message 112 to peer 0x140008000 (11 bytes)
1720174296.580806 sending message 112 to peer 0x140008000 (10 bytes)
1720174296.580810 sending message 112 to peer 0x140008000 (13 bytes)
1720174296.580814 sending message 112 to peer 0x140008000 (14 bytes)
1720174296.580818 sending message 112 to peer 0x140008000 (19 bytes)
1720174296.580822 sending message 112 to peer 0x140008000 (11 bytes)
1720174296.580826 sending message 112 to peer 0x140008000 (10 bytes)
1720174296.580830 sending message 112 to peer 0x140008000 (15 bytes)
1720174296.580834 sending message 112 to peer 0x140008000 (21 bytes)
1720174296.580838 sending message 112 to peer 0x140008000 (13 bytes)
1720174296.580843 sending message 112 to peer 0x140008000 (7 bytes)
1720174296.580847 sending message 112 to peer 0x140008000 (13 bytes)
1720174296.580851 sending message 112 to peer 0x140008000 (7 bytes)
1720174296.580855 sending message 112 to peer 0x140008000 (13 bytes)
1720174296.580859 sending message 112 to peer 0x140008000 (9 bytes)
1720174296.580863 sending message 112 to peer 0x140008000 (21 bytes)
1720174296.580867 sending message 112 to peer 0x140008000 (13 bytes)
1720174296.580871 sending message 112 to peer 0x140008000 (9 bytes)
1720174296.580876 sending message 112 to peer 0x140008000 (16 bytes)
1720174296.580880 sending message 112 to peer 0x140008000 (13 bytes)
1720174296.580884 sending message 112 to peer 0x140008000 (9 bytes)
1720174296.580888 sending message 112 to peer 0x140008000 (9 bytes)
1720174296.580892 sending message 112 to peer 0x140008000 (12 bytes)
1720174296.580896 sending message 112 to peer 0x140008000 (8 bytes)
1720174296.580900 sending message 112 to peer 0x140008000 (8 bytes)
1720174296.580904 sending message 112 to peer 0x140008000 (13 bytes)
1720174296.580908 sending message 112 to peer 0x140008000 (7 bytes)
1720174296.580912 sending message 112 to peer 0x140008000 (7 bytes)
1720174296.580916 sending message 112 to peer 0x140008000 (9 bytes)
1720174296.580920 sending message 112 to peer 0x140008000 (9 bytes)
1720174296.580925 sending message 112 to peer 0x140008000 (15 bytes)
1720174296.580929 sending message 112 to peer 0x140008000 (13 bytes)
1720174296.580933 sending message 112 to peer 0x140008000 (12 bytes)
1720174296.580937 sending message 112 to peer 0x140008000 (8 bytes)
1720174296.580941 sending message 112 to peer 0x140008000 (14 bytes)
1720174296.580945 sending message 112 to peer 0x140008000 (11 bytes)
1720174296.580950 sending message 112 to peer 0x140008000 (9 bytes)
1720174296.580954 sending message 112 to peer 0x140008000 (10 bytes)
1720174296.580958 sending message 112 to peer 0x140008000 (10 bytes)
1720174296.580962 sending message 112 to peer 0x140008000 (10 bytes)
1720174296.580966 sending message 112 to peer 0x140008000 (10 bytes)
1720174296.580998 sending message 112 to peer 0x140008000 (11 bytes)
1720174296.581001 sending message 112 to peer 0x140008000 (12 bytes)
1720174296.581004 sending message 112 to peer 0x140008000 (12 bytes)
1720174296.581007 sending message 112 to peer 0x140008000 (12 bytes)
1720174296.581010 sending message 112 to peer 0x140008000 (12 bytes)
1720174296.581013 sending message 112 to peer 0x140008000 (12 bytes)
1720174296.581016 sending message 112 to peer 0x140008000 (11 bytes)
1720174296.581019 sending message 112 to peer 0x140008000 (11 bytes)
1720174296.581022 sending message 112 to peer 0x140008000 (12 bytes)
1720174296.581024 sending message 112 to peer 0x140008000 (12 bytes)
1720174296.581027 sending message 112 to peer 0x140008000 (12 bytes)
1720174296.581030 sending message 112 to peer 0x140008000 (12 bytes)
1720174296.581033 sending message 112 to peer 0x140008000 (12 bytes)
1720174296.581036 sending message 112 to peer 0x140008000 (9 bytes)
1720174296.581039 sending message 112 to peer 0x140008000 (12 bytes)
1720174296.581042 sending message 112 to peer 0x140008000 (13 bytes)
1720174296.581045 sending message 112 to peer 0x140008000 (13 bytes)
1720174296.581048 sending message 112 to peer 0x140008000 (13 bytes)
1720174296.581051 sending message 112 to peer 0x140008000 (13 bytes)
1720174296.581053 sending message 112 to peer 0x140008000 (13 bytes)
1720174296.581056 sending message 112 to peer 0x140008000 (8 bytes)
1720174296.581059 sending message 112 to peer 0x140008000 (11 bytes)
1720174296.581062 sending message 112 to peer 0x140008000 (11 bytes)
1720174296.581065 sending message 112 to peer 0x140008000 (11 bytes)
1720174296.581068 sending message 112 to peer 0x140008000 (12 bytes)
1720174296.581071 sending message 112 to peer 0x140008000 (12 bytes)
1720174296.581073 sending message 112 to peer 0x140008000 (12 bytes)
1720174296.581076 sending message 112 to peer 0x140008000 (12 bytes)
1720174296.581079 sending message 112 to peer 0x140008000 (13 bytes)
1720174296.581082 sending message 112 to peer 0x140008000 (13 bytes)
1720174296.581085 sending message 112 to peer 0x140008000 (13 bytes)
1720174296.581088 sending message 112 to peer 0x140008000 (8 bytes)
1720174296.581091 sending message 112 to peer 0x140008000 (13 bytes)
1720174296.581094 sending message 112 to peer 0x140008000 (13 bytes)
1720174296.581097 sending message 112 to peer 0x140008000 (13 bytes)
1720174296.581100 sending message 112 to peer 0x140008000 (13 bytes)
1720174296.581103 sending message 112 to peer 0x140008000 (13 bytes)
1720174296.581106 sending message 112 to peer 0x140008000 (12 bytes)
1720174296.581109 sending message 112 to peer 0x140008000 (12 bytes)
1720174296.581112 sending message 112 to peer 0x140008000 (12 bytes)
1720174296.581115 sending message 112 to peer 0x140008000 (12 bytes)
1720174296.581118 sending message 112 to peer 0x140008000 (13 bytes)
1720174296.581121 sending message 112 to peer 0x140008000 (8 bytes)
1720174296.581124 sending message 112 to peer 0x140008000 (13 bytes)
1720174296.581127 sending message 112 to peer 0x140008000 (13 bytes)
1720174296.581130 sending message 112 to peer 0x140008000 (13 bytes)
1720174296.581133 sending message 112 to peer 0x140008000 (13 bytes)
1720174296.581135 sending message 112 to peer 0x140008000 (13 bytes)
1720174296.581138 sending message 112 to peer 0x140008000 (13 bytes)
1720174296.581141 sending message 112 to peer 0x140008000 (13 bytes)
1720174296.581144 sending message 112 to peer 0x140008000 (12 bytes)
1720174296.581147 sending message 112 to peer 0x140008000 (12 bytes)
1720174296.581150 sending message 112 to peer 0x140008000 (12 bytes)
1720174296.581152 sending message 112 to peer 0x140008000 (8 bytes)
1720174296.581155 sending message 112 to peer 0x140008000 (12 bytes)
1720174296.581159 sending message 112 to peer 0x140008000 (13 bytes)
1720174296.581162 sending message 112 to peer 0x140008000 (13 bytes)
1720174296.581165 sending message 112 to peer 0x140008000 (13 bytes)
1720174296.581168 sending message 112 to peer 0x140008000 (13 bytes)
1720174296.581170 sending message 112 to peer 0x140008000 (13 bytes)
1720174296.581179 sending message 112 to peer 0x140008000 (13 bytes)
1720174296.581182 sending message 112 to peer 0x140008000 (13 bytes)
1720174296.581185 sending message 112 to peer 0x140008000 (13 bytes)
1720174296.581188 sending message 112 to peer 0x140008000 (12 bytes)
1720174296.581191 sending message 112 to peer 0x140008000 (10 bytes)
1720174296.581194 sending message 112 to peer 0x140008000 (12 bytes)
1720174296.581196 sending message 112 to peer 0x140008000 (12 bytes)
1720174296.581199 sending message 112 to peer 0x140008000 (12 bytes)
1720174296.581202 sending message 112 to peer 0x140008000 (13 bytes)
1720174296.581205 sending message 112 to peer 0x140008000 (13 bytes)
1720174296.581208 sending message 112 to peer 0x140008000 (13 bytes)
1720174296.581211 sending message 112 to peer 0x140008000 (13 bytes)
1720174296.581214 sending message 112 to peer 0x140008000 (13 bytes)
1720174296.581217 sending message 112 to peer 0x140008000 (13 bytes)
1720174296.581220 sending message 112 to peer 0x140008000 (13 bytes)
1720174296.581223 sending message 112 to peer 0x140008000 (10 bytes)
1720174296.581226 sending message 112 to peer 0x140008000 (13 bytes)
1720174296.581229 sending message 112 to peer 0x140008000 (12 bytes)
1720174296.581232 sending message 112 to peer 0x140008000 (12 bytes)
1720174296.581234 sending message 112 to peer 0x140008000 (12 bytes)
1720174296.581237 sending message 112 to peer 0x140008000 (10 bytes)
1720174296.581240 sending message 112 to peer 0x140008000 (10 bytes)
1720174296.581243 sending message 112 to peer 0x140008000 (10 bytes)
1720174296.581246 sending message 112 to peer 0x140008000 (12 bytes)
1720174296.581249 sending message 112 to peer 0x140008000 (13 bytes)
1720174296.581252 sending message 112 to peer 0x140008000 (13 bytes)
1720174296.581255 sending message 112 to peer 0x140008000 (13 bytes)
1720174296.581258 sending message 112 to peer 0x140008000 (13 bytes)
1720174296.581261 sending message 112 to peer 0x140008000 (13 bytes)
1720174296.581264 sending message 112 to peer 0x140008000 (10 bytes)
1720174296.581267 sending message 112 to peer 0x140008000 (11 bytes)
1720174296.581270 sending message 112 to peer 0x140008000 (12 bytes)
1720174296.581273 sending message 112 to peer 0x140008000 (12 bytes)
1720174296.581276 sending message 112 to peer 0x140008000 (12 bytes)
1720174296.581279 sending message 112 to peer 0x140008000 (12 bytes)
1720174296.581282 sending message 112 to peer 0x140008000 (12 bytes)
1720174296.581285 sending message 112 to peer 0x140008000 (11 bytes)
1720174296.581288 sending message 112 to peer 0x140008000 (12 bytes)
1720174296.581291 sending message 112 to peer 0x140008000 (12 bytes)
1720174296.581294 sending message 112 to peer 0x140008000 (13 bytes)
1720174296.581297 sending message 112 to peer 0x140008000 (13 bytes)
1720174296.581299 sending message 112 to peer 0x140008000 (13 bytes)
1720174296.581302 sending message 112 to peer 0x140008000 (13 bytes)
1720174296.581306 sending message 112 to peer 0x140008000 (13 bytes)
1720174296.581309 sending message 112 to peer 0x140008000 (10 bytes)
1720174296.581311 sending message 112 to peer 0x140008000 (9 bytes)
1720174296.581314 sending message 112 to peer 0x140008000 (12 bytes)
1720174296.581317 sending message 112 to peer 0x140008000 (13 bytes)
1720174296.581320 sending message 112 to peer 0x140008000 (13 bytes)
1720174296.581323 sending message 112 to peer 0x140008000 (13 bytes)
1720174296.581326 sending message 112 to peer 0x140008000 (13 bytes)
1720174296.581328 sending message 112 to peer 0x140008000 (13 bytes)
1720174296.581331 sending message 112 to peer 0x140008000 (9 bytes)
1720174296.581334 sending message 112 to peer 0x140008000 (12 bytes)
1720174296.581337 sending message 112 to peer 0x140008000 (13 bytes)
1720174296.581341 sending message 112 to peer 0x140008000 (13 bytes)
1720174296.581344 sending message 112 to peer 0x140008000 (13 bytes)
1720174296.581347 sending message 112 to peer 0x140008000 (13 bytes)
1720174296.581349 sending message 112 to peer 0x140008000 (13 bytes)
1720174296.581357 sending message 112 to peer 0x140008000 (11 bytes)
1720174296.581360 sending message 112 to peer 0x140008000 (12 bytes)
1720174296.581363 sending message 112 to peer 0x140008000 (13 bytes)
1720174296.581366 sending message 112 to peer 0x140008000 (13 bytes)
1720174296.581368 sending message 112 to peer 0x140008000 (13 bytes)
1720174296.581371 sending message 112 to peer 0x140008000 (13 bytes)
1720174296.581374 sending message 112 to peer 0x140008000 (13 bytes)
1720174296.581377 sending message 112 to peer 0x140008000 (11 bytes)
1720174296.581380 sending message 112 to peer 0x140008000 (12 bytes)
1720174296.581383 sending message 112 to peer 0x140008000 (12 bytes)
1720174296.581386 sending message 112 to peer 0x140008000 (12 bytes)
1720174296.581389 sending message 112 to peer 0x140008000 (12 bytes)
1720174296.581392 sending message 112 to peer 0x140008000 (12 bytes)
1720174296.581395 sending message 112 to peer 0x140008000 (21 bytes)
1720174296.581422 sending message 112 to peer 0x140008000 (12 bytes)
1720174296.581449 sending message 112 to peer 0x140008000 (9 bytes)
1720174296.581456 sending message 112 to peer 0x140008000 (6 bytes)
1720174296.581461 sending message 112 to peer 0x140008000 (13 bytes)
1720174296.581465 sending message 112 to peer 0x140008000 (10 bytes)
1720174296.581469 sending message 112 to peer 0x140008000 (24 bytes)
1720174296.581474 sending message 112 to peer 0x140008000 (13 bytes)
1720174296.581478 sending message 112 to peer 0x140008000 (9 bytes)
1720174296.581482 sending message 112 to peer 0x140008000 (70 bytes)
1720174296.581489 sending message 112 to peer 0x140008000 (69 bytes)
1720174296.581493 sending message 112 to peer 0x140008000 (12 bytes)
1720174296.581496 sending message 112 to peer 0x140008000 (10 bytes)
1720174296.581499 sending message 112 to peer 0x140008000 (10 bytes)
1720174296.581503 sending message 112 to peer 0x140008000 (24 bytes)
1720174296.581506 sending message 112 to peer 0x140008000 (13 bytes)
1720174296.581510 sending message 112 to peer 0x140008000 (10 bytes)
1720174296.581513 sending message 112 to peer 0x140008000 (10 bytes)
1720174296.581516 sending message 112 to peer 0x140008000 (10 bytes)
1720174296.581519 sending message 112 to peer 0x140008000 (13 bytes)
1720174296.581523 sending message 112 to peer 0x140008000 (15 bytes)
1720174296.581526 sending message 112 to peer 0x140008000 (5 bytes)
1720174296.581531 sending message 104 to peer 0x140008000 (0 bytes)
1720174296.581540 sending message 110 to peer 0x140008000 (0 bytes)
1720174296.581544 sending message 107 to peer 0x140008000 (4 bytes)
1720174296.581547 sending message 105 to peer 0x140008000 (20 bytes)
1720174296.581550 sending message 105 to peer 0x140008000 (22 bytes)
1720174296.581554 sending message 105 to peer 0x140008000 (19 bytes)
1720174296.581557 sending message 105 to peer 0x140008000 (17 bytes)
1720174296.581560 sending message 105 to peer 0x140008000 (15 bytes)
1720174296.581564 sending message 105 to peer 0x140008000 (788 bytes)
1720174296.581575 sending message 105 to peer 0x140008000 (15 bytes)
1720174296.581579 sending message 105 to peer 0x140008000 (66 bytes)
1720174296.581582 sending message 105 to peer 0x140008000 (20 bytes)
1720174296.581585 sending message 105 to peer 0x140008000 (21 bytes)
1720174296.581589 sending message 105 to peer 0x140008000 (46 bytes)
1720174296.581592 sending message 105 to peer 0x140008000 (57 bytes)
1720174296.581598 sending message 105 to peer 0x140008000 (12 bytes)
1720174296.581601 sending message 105 to peer 0x140008000 (33 bytes)
1720174296.581604 sending message 105 to peer 0x140008000 (47 bytes)
1720174296.581608 sending message 105 to peer 0x140008000 (72 bytes)
1720174296.581611 sending message 105 to peer 0x140008000 (64 bytes)
1720174296.581614 sending message 105 to peer 0x140008000 (15 bytes)
1720174296.581617 sending message 105 to peer 0x140008000 (70 bytes)
1720174296.581621 sending message 105 to peer 0x140008000 (14 bytes)
1720174296.581624 sending message 105 to peer 0x140008000 (19 bytes)
1720174296.581645 sending message 105 to peer 0x140008000 (44 bytes)
1720174296.581649 sending message 105 to peer 0x140008000 (38 bytes)
1720174296.581652 sending message 105 to peer 0x140008000 (8 bytes)
1720174296.581655 sending message 105 to peer 0x140008000 (27 bytes)
1720174296.581659 sending message 105 to peer 0x140008000 (21 bytes)
1720174296.581662 sending message 105 to peer 0x140008000 (30 bytes)
1720174296.581665 sending message 105 to peer 0x140008000 (37 bytes)
1720174296.581668 sending message 105 to peer 0x140008000 (34 bytes)
1720174296.581672 sending message 105 to peer 0x140008000 (85 bytes)
1720174296.581677 sending message 105 to peer 0x140008000 (35 bytes)
1720174296.581681 sending message 105 to peer 0x140008000 (70 bytes)
1720174296.581684 sending message 105 to peer 0x140008000 (111 bytes)
1720174296.581687 sending message 105 to peer 0x140008000 (76 bytes)
1720174296.581690 sending message 105 to peer 0x140008000 (29 bytes)
1720174296.581694 sending message 105 to peer 0x140008000 (11 bytes)
1720174296.581697 sending message 105 to peer 0x140008000 (8 bytes)
1720174296.581700 sending message 105 to peer 0x140008000 (32 bytes)
1720174296.581703 sending message 105 to peer 0x140008000 (96 bytes)
1720174296.581706 sending message 105 to peer 0x140008000 (33 bytes)
1720174296.581710 sending message 105 to peer 0x140008000 (46 bytes)
1720174296.581713 sending message 105 to peer 0x140008000 (28 bytes)
1720174296.581716 sending message 105 to peer 0x140008000 (55 bytes)
1720174296.581720 sending message 105 to peer 0x140008000 (56 bytes)
1720174296.581723 sending message 105 to peer 0x140008000 (58 bytes)
1720174296.581726 sending message 105 to peer 0x140008000 (27 bytes)
1720174296.581729 sending message 105 to peer 0x140008000 (16 bytes)
1720174296.581732 sending message 105 to peer 0x140008000 (53 bytes)
1720174296.581736 sending message 105 to peer 0x140008000 (62 bytes)
1720174296.581739 sending message 105 to peer 0x140008000 (17 bytes)
1720174296.581742 sending message 105 to peer 0x140008000 (19 bytes)
1720174296.581745 sending message 105 to peer 0x140008000 (30 bytes)
1720174296.581749 sending message 105 to peer 0x140008000 (25 bytes)
1720174296.581752 sending message 106 to peer 0x140008000 (0 bytes)
1720174296.581835 sending message 200 to peer 0x140008000 (4 bytes)
1720174296.581840 client loop enter
1720174296.590648 peer 0x140008000 message 207
1720174296.590676 sending message 208 to peer 0x140008000 (0 bytes)
1720174321.066870 client_signal: Hangup: 1
1720174321.066984 sending message 205 to peer 0x140008000 (0 bytes)
1720174321.068923 client_signal: Hangup: 1
1720174321.068956 sending message 205 to peer 0x140008000 (0 bytes)
1720174321.072012 peer 0x140008000 message 204
1720174321.072048 peer 0x140008000 message 204
1720174321.072055 client loop exit
